[ 2019-01-15T15:24:24+08:00 ] 127.0.0.1 127.0.0.1 GET /
[ log ] tpadmin.com/ [运行时间：0.056570s][吞吐率：17.68req/s] [内存消耗：1,039.36kb] [文件加载：41]
[ info ] [ LANG ] D:\work\test\tp_model\thinkphp\lang\zh-cn.php
[ info ] [ ROUTE ] array (
  'type' => 'module',
  'module' => 
  array (
    0 => '',
    1 => NULL,
    2 => NULL,
  ),
)
[ info ] [ HEADER ] array (
  'accept-language' => 'zh-CN,zh;q=0.9,en;q=0.8',
  'accept-encoding' => 'gzip, deflate',
  'accept' => 'text/html,application/xhtml+xml,application/xml;q=0.9,image/webp,image/apng,*/*;q=0.8',
  'user-agent' => 'Mozilla/5.0 (Windows NT 10.0; Win64; x64) AppleWebKit/537.36 (KHTML, like Gecko) Chrome/69.0.3497.100 Safari/537.36',
  'upgrade-insecure-requests' => '1',
  'connection' => 'close',
  'host' => 'tpadmin.com',
)
[ info ] [ PARAM ] array (
)
[ info ] [ RUN ] app\index\controller\Index->index[ D:\work\test\tp_model\application\index\controller\Index.php ]
[ info ] [ LOG ] INIT File

---------------------------------------------------------------
[ 2019-01-15T15:24:25+08:00 ] 127.0.0.1 127.0.0.1 GET /admin.html
[ log ] tpadmin.com/admin.html [运行时间：1.131152s][吞吐率：0.88req/s] [内存消耗：6,173.64kb] [文件加载：69]
[ info ] [ LANG ] D:\work\test\tp_model\thinkphp\lang\zh-cn.php
[ info ] [ ROUTE ] array (
  'type' => 'module',
  'module' => 
  array (
    0 => 'admin',
    1 => NULL,
    2 => NULL,
  ),
)
[ info ] [ HEADER ] array (
  'accept-language' => 'zh-CN,zh;q=0.9,en;q=0.8',
  'accept-encoding' => 'gzip, deflate',
  'accept' => 'text/html,application/xhtml+xml,application/xml;q=0.9,image/webp,image/apng,*/*;q=0.8',
  'user-agent' => 'Mozilla/5.0 (Windows NT 10.0; Win64; x64) AppleWebKit/537.36 (KHTML, like Gecko) Chrome/69.0.3497.100 Safari/537.36',
  'upgrade-insecure-requests' => '1',
  'connection' => 'close',
  'host' => 'tpadmin.com',
)
[ info ] [ PARAM ] array (
  '/admin_html' => '',
)
[ info ] [ SESSION ] INIT array (
  'id' => '',
  'var_session_id' => '',
  'prefix' => 'think',
  'type' => '',
  'auto_start' => true,
)
[ info ] [ BEHAVIOR ] Run \app\common\behavior\WebLog @module_init [ RunTime:0.024899s ]
[ info ] [ DB ] INIT mysql
[ info ] [ BEHAVIOR ] Run \app\common\behavior\WebLog @app_end [ RunTime:1.057456s ]
[ info ] [ LOG ] INIT File
[ sql ] [ DB ] CONNECT:[ UseTime:1.005150s ] mysql:dbname=tpadmin;host=localhost;charset=utf8
[ sql ] [ SQL ] SHOW COLUMNS FROM `tp_web_log_all` [ RunTime:0.035319s ]
[ sql ] [ SQL ] INSERT INTO `tp_web_log_all` (`uid` , `ip` , `location` , `os` , `browser` , `url` , `module` , `controller` , `action` , `method` , `data` , `create_at`) VALUES (0 , '127.0.0.1' , '本机地址 本机地址  ' , 'Windows 10' , 'Chrome(69.0.3497.100)' , 'http://tpadmin.com/admin.html' , 'admin' , 'Index' , 'index' , 'GET' , 'a:1:{s:11:\"/admin_html\";s:0:\"\";}' , 1547537064) [ RunTime:0.002336s ]

---------------------------------------------------------------
[ 2019-01-15T15:24:25+08:00 ] 127.0.0.1 127.0.0.1 GET /admin/pub/login.html
[ log ] tpadmin.com/admin/pub/login.html [运行时间：0.065302s][吞吐率：15.31req/s] [内存消耗：5,630.78kb] [文件加载：64]
[ info ] [ LANG ] D:\work\test\tp_model\thinkphp\lang\zh-cn.php
[ info ] [ ROUTE ] array (
  'type' => 'module',
  'module' => 
  array (
    0 => 'admin',
    1 => 'pub',
    2 => 'login',
  ),
)
[ info ] [ HEADER ] array (
  'cookie' => 'PHPSESSID=llvf6g8ie4o2405av4lm396mnj',
  'accept-language' => 'zh-CN,zh;q=0.9,en;q=0.8',
  'accept-encoding' => 'gzip, deflate',
  'accept' => 'text/html,application/xhtml+xml,application/xml;q=0.9,image/webp,image/apng,*/*;q=0.8',
  'user-agent' => 'Mozilla/5.0 (Windows NT 10.0; Win64; x64) AppleWebKit/537.36 (KHTML, like Gecko) Chrome/69.0.3497.100 Safari/537.36',
  'upgrade-insecure-requests' => '1',
  'connection' => 'close',
  'host' => 'tpadmin.com',
)
[ info ] [ PARAM ] array (
  '/admin/pub/login_html' => '',
)
[ info ] [ SESSION ] INIT array (
  'id' => '',
  'var_session_id' => '',
  'prefix' => 'think',
  'type' => '',
  'auto_start' => true,
)
[ info ] [ BEHAVIOR ] Run \app\common\behavior\WebLog @module_init [ RunTime:0.007828s ]
[ info ] [ RUN ] app\admin\controller\Pub->login[ D:\work\test\tp_model\application\admin\controller\Pub.php ]
[ info ] [ VIEW ] D:\work\test\tp_model\public_html/../application/admin\view\pub\login.html [ array (
) ]
[ info ] [ BEHAVIOR ] Run \app\common\behavior\WebLog @app_end [ RunTime:0.000047s ]
[ info ] [ LOG ] INIT File

---------------------------------------------------------------
[ 2019-01-15T15:24:25+08:00 ] 127.0.0.1 127.0.0.1 GET /captcha.html
[ log ] tpadmin.com/captcha.html [运行时间：0.058933s][吞吐率：16.97req/s] [内存消耗：1,079.75kb] [文件加载：41]
[ info ] [ LANG ] D:\work\test\tp_model\thinkphp\lang\zh-cn.php
[ info ] [ ROUTE ] array (
  'type' => 'method',
  'method' => 
  array (
    0 => '\\think\\captcha\\CaptchaController',
    1 => 'index',
  ),
  'var' => 
  array (
  ),
)
[ info ] [ HEADER ] array (
  'cookie' => 'PHPSESSID=llvf6g8ie4o2405av4lm396mnj',
  'accept-language' => 'zh-CN,zh;q=0.9,en;q=0.8',
  'accept-encoding' => 'gzip, deflate',
  'referer' => 'http://tpadmin.com/admin/pub/login.html',
  'accept' => 'image/webp,image/apng,image/*,*/*;q=0.8',
  'user-agent' => 'Mozilla/5.0 (Windows NT 10.0; Win64; x64) AppleWebKit/537.36 (KHTML, like Gecko) Chrome/69.0.3497.100 Safari/537.36',
  'connection' => 'close',
  'host' => 'tpadmin.com',
)
[ info ] [ PARAM ] array (
  '/captcha_html' => '',
  'id' => '',
)
[ info ] [ RUN ] think\captcha\CaptchaController->index[ D:\work\test\tp_model\vendor\topthink\think-captcha\src\CaptchaController.php ]
[ info ] [ SESSION ] INIT array (
  'id' => '',
  'var_session_id' => '',
  'prefix' => 'think',
  'type' => '',
  'auto_start' => true,
)
[ info ] [ LOG ] INIT File

---------------------------------------------------------------
[ 2019-01-15T15:24:34+08:00 ] 127.0.0.1 127.0.0.1 POST /admin/pub/checklogin.html
[ log ] tpadmin.com/admin/pub/checklogin.html [运行时间：1.118839s][吞吐率：0.89req/s] [内存消耗：6,244.90kb] [文件加载：72]
[ info ] [ LANG ] D:\work\test\tp_model\thinkphp\lang\zh-cn.php
[ info ] [ ROUTE ] array (
  'type' => 'module',
  'module' => 
  array (
    0 => 'admin',
    1 => 'pub',
    2 => 'checklogin',
  ),
)
[ info ] [ HEADER ] array (
  'cookie' => 'thinkphp_show_page_trace=0|0; PHPSESSID=llvf6g8ie4o2405av4lm396mnj',
  'accept-language' => 'zh-CN,zh;q=0.9,en;q=0.8',
  'accept-encoding' => 'gzip, deflate',
  'referer' => 'http://tpadmin.com/admin/pub/login.html',
  'content-type' => 'application/x-www-form-urlencoded; charset=UTF-8',
  'user-agent' => 'Mozilla/5.0 (Windows NT 10.0; Win64; x64) AppleWebKit/537.36 (KHTML, like Gecko) Chrome/69.0.3497.100 Safari/537.36',
  'x-requested-with' => 'XMLHttpRequest',
  'origin' => 'http://tpadmin.com',
  'accept' => 'application/json, text/javascript, */*; q=0.01',
  'content-length' => '51',
  'connection' => 'close',
  'host' => 'tpadmin.com',
)
[ info ] [ PARAM ] array (
  '/admin/pub/checklogin_html' => '',
  'account' => 'admin',
  'password' => '123456',
  'captcha' => 'ivlq',
  'online' => '1',
)
[ info ] [ SESSION ] INIT array (
  'id' => '',
  'var_session_id' => '',
  'prefix' => 'think',
  'type' => '',
  'auto_start' => true,
)
[ info ] [ BEHAVIOR ] Run \app\common\behavior\WebLog @module_init [ RunTime:0.005306s ]
[ info ] [ RUN ] app\admin\controller\Pub->checkLogin[ D:\work\test\tp_model\application\admin\controller\Pub.php ]
[ info ] [ DB ] INIT mysql
[ info ] [ CACHE ] INIT File
[ info ] [ BEHAVIOR ] Run \app\common\behavior\WebLog @app_end [ RunTime:0.000036s ]
[ info ] [ LOG ] INIT File
[ sql ] [ DB ] CONNECT:[ UseTime:1.004558s ] mysql:dbname=tpadmin;host=localhost;charset=utf8
[ sql ] [ SQL ] SHOW COLUMNS FROM `tp_admin_user` [ RunTime:0.018173s ]
[ sql ] [ SQL ] SELECT * FROM `tp_admin_user` WHERE  `account` = 'admin'  AND `status` = 1 LIMIT 1 [ RunTime:0.001963s ]
[ sql ] [ SQL ] UPDATE `tp_admin_user`  SET `last_login_time`=1547537074,`login_count`=login_count+1,`last_login_ip`='127.0.0.1'  WHERE  `id` = 1 [ RunTime:0.001948s ]
[ sql ] [ SQL ] SHOW COLUMNS FROM `tp_login_log` [ RunTime:0.015528s ]
[ sql ] [ SQL ] INSERT INTO `tp_login_log` (`uid` , `login_ip` , `login_location` , `login_browser` , `login_os`) VALUES (1 , '127.0.0.1' , '本机地址 本机地址  ' , 'Chrome(69.0.3497.100)' , 'Windows 10') [ RunTime:0.002117s ]

---------------------------------------------------------------
[ 2019-01-15T15:24:35+08:00 ] 127.0.0.1 127.0.0.1 GET /admin/index/index.html
[ log ] tpadmin.com/admin/index/index.html [运行时间：1.161096s][吞吐率：0.86req/s] [内存消耗：6,481.05kb] [文件加载：75]
[ info ] [ LANG ] D:\work\test\tp_model\thinkphp\lang\zh-cn.php
[ info ] [ ROUTE ] array (
  'type' => 'module',
  'module' => 
  array (
    0 => 'admin',
    1 => 'index',
    2 => 'index',
  ),
)
[ info ] [ HEADER ] array (
  'cookie' => 'PHPSESSID=llvf6g8ie4o2405av4lm396mnj',
  'accept-language' => 'zh-CN,zh;q=0.9,en;q=0.8',
  'accept-encoding' => 'gzip, deflate',
  'referer' => 'http://tpadmin.com/admin/pub/login.html',
  'accept' => 'text/html,application/xhtml+xml,application/xml;q=0.9,image/webp,image/apng,*/*;q=0.8',
  'user-agent' => 'Mozilla/5.0 (Windows NT 10.0; Win64; x64) AppleWebKit/537.36 (KHTML, like Gecko) Chrome/69.0.3497.100 Safari/537.36',
  'upgrade-insecure-requests' => '1',
  'connection' => 'close',
  'host' => 'tpadmin.com',
)
[ info ] [ PARAM ] array (
  '/admin/index/index_html' => '',
)
[ info ] [ SESSION ] INIT array (
  'id' => '',
  'var_session_id' => '',
  'prefix' => 'think',
  'type' => '',
  'auto_start' => true,
)
[ info ] [ BEHAVIOR ] Run \app\common\behavior\WebLog @module_init [ RunTime:0.007427s ]
[ info ] [ RUN ] app\admin\controller\Index->index[ D:\work\test\tp_model\application\admin\controller\Index.php ]
[ info ] [ DB ] INIT mysql
[ info ] [ VIEW ] D:\work\test\tp_model\public_html/../application/admin\view\index\index.html [ array (
  0 => 'groups',
  1 => 'menu',
) ]
[ info ] [ RUN ] app\admin\widget\Index->menu[ D:\work\test\tp_model\application\admin\widget\Index.php ]
[ info ] [ RUN ] app\admin\widget\Index->menu[ D:\work\test\tp_model\application\admin\widget\Index.php ]
[ info ] [ RUN ] app\admin\widget\Index->menu[ D:\work\test\tp_model\application\admin\widget\Index.php ]
[ info ] [ RUN ] app\admin\widget\Index->menu[ D:\work\test\tp_model\application\admin\widget\Index.php ]
[ info ] [ RUN ] app\admin\widget\Index->menu[ D:\work\test\tp_model\application\admin\widget\Index.php ]
[ info ] [ RUN ] app\admin\widget\Index->menu[ D:\work\test\tp_model\application\admin\widget\Index.php ]
[ info ] [ RUN ] app\admin\widget\Index->menu[ D:\work\test\tp_model\application\admin\widget\Index.php ]
[ info ] [ RUN ] app\admin\widget\Index->menu[ D:\work\test\tp_model\application\admin\widget\Index.php ]
[ info ] [ RUN ] app\admin\widget\Index->menu[ D:\work\test\tp_model\application\admin\widget\Index.php ]
[ info ] [ RUN ] app\admin\widget\Index->menu[ D:\work\test\tp_model\application\admin\widget\Index.php ]
[ info ] [ RUN ] app\admin\widget\Index->menu[ D:\work\test\tp_model\application\admin\widget\Index.php ]
[ info ] [ RUN ] app\admin\widget\Index->menu[ D:\work\test\tp_model\application\admin\widget\Index.php ]
[ info ] [ RUN ] app\admin\widget\Index->menu[ D:\work\test\tp_model\application\admin\widget\Index.php ]
[ info ] [ RUN ] app\admin\widget\Index->menu[ D:\work\test\tp_model\application\admin\widget\Index.php ]
[ info ] [ RUN ] app\admin\widget\Index->menu[ D:\work\test\tp_model\application\admin\widget\Index.php ]
[ info ] [ RUN ] app\admin\widget\Index->menu[ D:\work\test\tp_model\application\admin\widget\Index.php ]
[ info ] [ RUN ] app\admin\widget\Index->menu[ D:\work\test\tp_model\application\admin\widget\Index.php ]
[ info ] [ RUN ] app\admin\widget\Index->menu[ D:\work\test\tp_model\application\admin\widget\Index.php ]
[ info ] [ RUN ] app\admin\widget\Index->menu[ D:\work\test\tp_model\application\admin\widget\Index.php ]
[ info ] [ RUN ] app\admin\widget\Index->menu[ D:\work\test\tp_model\application\admin\widget\Index.php ]
[ info ] [ RUN ] app\admin\widget\Index->menu[ D:\work\test\tp_model\application\admin\widget\Index.php ]
[ info ] [ BEHAVIOR ] Run \app\common\behavior\WebLog @app_end [ RunTime:0.016391s ]
[ info ] [ LOG ] INIT File
[ sql ] [ DB ] CONNECT:[ UseTime:1.003598s ] mysql:dbname=tpadmin;host=localhost;charset=utf8
[ sql ] [ SQL ] SHOW COLUMNS FROM `tp_admin_node` [ RunTime:0.018031s ]
[ sql ] [ SQL ] SELECT `id`,`pid`,`name`,`group_id`,`title`,`type` FROM `tp_admin_node` WHERE  (  status=1 AND group_id > 0 ) [ RunTime:0.001128s ]
[ sql ] [ SQL ] SHOW COLUMNS FROM `tp_admin_group` [ RunTime:0.018736s ]
[ sql ] [ SQL ] SELECT `id`,`name`,`icon` FROM `tp_admin_group` WHERE  `id` IN (1,2)  AND `status` = 1 ORDER BY sort asc,id asc [ RunTime:0.000689s ]
[ sql ] [ SQL ] SHOW COLUMNS FROM `tp_web_log_all` [ RunTime:0.014924s ]
[ sql ] [ SQL ] INSERT INTO `tp_web_log_all` (`uid` , `ip` , `location` , `os` , `browser` , `url` , `module` , `controller` , `action` , `method` , `data` , `create_at`) VALUES (1 , '127.0.0.1' , '本机地址 本机地址  ' , 'Windows 10' , 'Chrome(69.0.3497.100)' , 'http://tpadmin.com/admin/index/index.html' , 'admin' , 'Index' , 'index' , 'GET' , 'a:1:{s:23:\"/admin/index/index_html\";s:0:\"\";}' , 1547537074) [ RunTime:0.000642s ]

---------------------------------------------------------------
[ 2019-01-15T15:24:37+08:00 ] 127.0.0.1 127.0.0.1 GET /admin/index/welcome.html
[ log ] tpadmin.com/admin/index/welcome.html [运行时间：1.161635s][吞吐率：0.86req/s] [内存消耗：6,483.30kb] [文件加载：73]
[ info ] [ LANG ] D:\work\test\tp_model\thinkphp\lang\zh-cn.php
[ info ] [ ROUTE ] array (
  'type' => 'module',
  'module' => 
  array (
    0 => 'admin',
    1 => 'index',
    2 => 'welcome',
  ),
)
[ info ] [ HEADER ] array (
  'cookie' => 'PHPSESSID=llvf6g8ie4o2405av4lm396mnj',
  'accept-language' => 'zh-CN,zh;q=0.9,en;q=0.8',
  'accept-encoding' => 'gzip, deflate',
  'referer' => 'http://tpadmin.com/admin/index/index.html',
  'accept' => 'text/html,application/xhtml+xml,application/xml;q=0.9,image/webp,image/apng,*/*;q=0.8',
  'user-agent' => 'Mozilla/5.0 (Windows NT 10.0; Win64; x64) AppleWebKit/537.36 (KHTML, like Gecko) Chrome/69.0.3497.100 Safari/537.36',
  'upgrade-insecure-requests' => '1',
  'connection' => 'close',
  'host' => 'tpadmin.com',
)
[ info ] [ PARAM ] array (
  '/admin/index/welcome_html' => '',
)
[ info ] [ SESSION ] INIT array (
  'id' => '',
  'var_session_id' => '',
  'prefix' => 'think',
  'type' => '',
  'auto_start' => true,
)
[ info ] [ BEHAVIOR ] Run \app\common\behavior\WebLog @module_init [ RunTime:0.015452s ]
[ info ] [ RUN ] app\admin\controller\Index->welcome[ D:\work\test\tp_model\application\admin\controller\Index.php ]
[ info ] [ DB ] INIT mysql
[ info ] [ VIEW ] D:\work\test\tp_model\public_html/../application/admin\view\index\welcome.html [ array (
  0 => 'last_login_ip',
  1 => 'last_login_loc',
  2 => 'current_login_ip',
  3 => 'current_login_loc',
  4 => 'info',
) ]
[ info ] [ BEHAVIOR ] Run \app\common\behavior\WebLog @app_end [ RunTime:0.000041s ]
[ info ] [ LOG ] INIT File
[ sql ] [ DB ] CONNECT:[ UseTime:1.009326s ] mysql:dbname=tpadmin;host=localhost;charset=utf8
[ sql ] [ SQL ] SHOW COLUMNS FROM `tp_admin_user` [ RunTime:0.017908s ]
[ sql ] [ SQL ] SELECT * FROM `tp_admin_user` WHERE  `id` = 1 LIMIT 1 [ RunTime:0.000544s ]

---------------------------------------------------------------
[ 2019-01-15T15:24:41+08:00 ] 127.0.0.1 127.0.0.1 GET /admin/demo/qiniu.html
[ log ] tpadmin.com/admin/demo/qiniu.html [运行时间：0.065487s][吞吐率：15.27req/s] [内存消耗：5,817.13kb] [文件加载：68]
[ info ] [ LANG ] D:\work\test\tp_model\thinkphp\lang\zh-cn.php
[ info ] [ ROUTE ] array (
  'type' => 'module',
  'module' => 
  array (
    0 => 'admin',
    1 => 'demo',
    2 => 'qiniu',
  ),
)
[ info ] [ HEADER ] array (
  'cookie' => 'PHPSESSID=llvf6g8ie4o2405av4lm396mnj',
  'accept-language' => 'zh-CN,zh;q=0.9,en;q=0.8',
  'accept-encoding' => 'gzip, deflate',
  'referer' => 'http://tpadmin.com/admin/index/index.html',
  'accept' => 'text/html,application/xhtml+xml,application/xml;q=0.9,image/webp,image/apng,*/*;q=0.8',
  'user-agent' => 'Mozilla/5.0 (Windows NT 10.0; Win64; x64) AppleWebKit/537.36 (KHTML, like Gecko) Chrome/69.0.3497.100 Safari/537.36',
  'upgrade-insecure-requests' => '1',
  'connection' => 'close',
  'host' => 'tpadmin.com',
)
[ info ] [ PARAM ] array (
  '/admin/demo/qiniu_html' => '',
)
[ info ] [ SESSION ] INIT array (
  'id' => '',
  'var_session_id' => '',
  'prefix' => 'think',
  'type' => '',
  'auto_start' => true,
)
[ info ] [ BEHAVIOR ] Run \app\common\behavior\WebLog @module_init [ RunTime:0.006620s ]
[ info ] [ RUN ] app\admin\controller\Demo->qiniu[ D:\work\test\tp_model\application\admin\controller\Demo.php ]
[ info ] [ VIEW ] D:\work\test\tp_model\public_html/../application/admin\view\demo\qiniu.html [ array (
) ]
[ info ] [ BEHAVIOR ] Run \app\common\behavior\WebLog @app_end [ RunTime:0.000026s ]
[ info ] [ LOG ] INIT File

---------------------------------------------------------------
[ 2019-01-15T15:25:01+08:00 ] 127.0.0.1 127.0.0.1 GET /admin/demo/imageupload.html
[ log ] tpadmin.com/admin/demo/imageupload.html [运行时间：0.070356s][吞吐率：14.21req/s] [内存消耗：5,816.62kb] [文件加载：68]
[ info ] [ LANG ] D:\work\test\tp_model\thinkphp\lang\zh-cn.php
[ info ] [ ROUTE ] array (
  'type' => 'module',
  'module' => 
  array (
    0 => 'admin',
    1 => 'demo',
    2 => 'imageupload',
  ),
)
[ info ] [ HEADER ] array (
  'cookie' => 'thinkphp_show_page_trace=0|0; PHPSESSID=llvf6g8ie4o2405av4lm396mnj',
  'accept-language' => 'zh-CN,zh;q=0.9,en;q=0.8',
  'accept-encoding' => 'gzip, deflate',
  'referer' => 'http://tpadmin.com/admin/index/index.html',
  'accept' => 'text/html,application/xhtml+xml,application/xml;q=0.9,image/webp,image/apng,*/*;q=0.8',
  'user-agent' => 'Mozilla/5.0 (Windows NT 10.0; Win64; x64) AppleWebKit/537.36 (KHTML, like Gecko) Chrome/69.0.3497.100 Safari/537.36',
  'upgrade-insecure-requests' => '1',
  'connection' => 'close',
  'host' => 'tpadmin.com',
)
[ info ] [ PARAM ] array (
  '/admin/demo/imageupload_html' => '',
)
[ info ] [ SESSION ] INIT array (
  'id' => '',
  'var_session_id' => '',
  'prefix' => 'think',
  'type' => '',
  'auto_start' => true,
)
[ info ] [ BEHAVIOR ] Run \app\common\behavior\WebLog @module_init [ RunTime:0.005306s ]
[ info ] [ RUN ] app\admin\controller\Demo->imageUpload[ D:\work\test\tp_model\application\admin\controller\Demo.php ]
[ info ] [ VIEW ] D:\work\test\tp_model\public_html/../application/admin\view\demo\imageupload.html [ array (
) ]
[ info ] [ BEHAVIOR ] Run \app\common\behavior\WebLog @app_end [ RunTime:0.000026s ]
[ info ] [ LOG ] INIT File

---------------------------------------------------------------
[ 2019-01-15T15:25:04+08:00 ] 127.0.0.1 127.0.0.1 GET /admin/upload/index/id/upload.html
[ log ] tpadmin.com/admin/upload/index/id/upload.html [运行时间：1.122910s][吞吐率：0.89req/s] [内存消耗：6,451.19kb] [文件加载：73]
[ info ] [ LANG ] D:\work\test\tp_model\thinkphp\lang\zh-cn.php
[ info ] [ ROUTE ] array (
  'type' => 'module',
  'module' => 
  array (
    0 => 'admin',
    1 => 'upload',
    2 => 'index',
  ),
)
[ info ] [ HEADER ] array (
  'cookie' => 'PHPSESSID=llvf6g8ie4o2405av4lm396mnj',
  'accept-language' => 'zh-CN,zh;q=0.9,en;q=0.8',
  'accept-encoding' => 'gzip, deflate',
  'referer' => 'http://tpadmin.com/admin/demo/imageupload.html',
  'accept' => 'text/html,application/xhtml+xml,application/xml;q=0.9,image/webp,image/apng,*/*;q=0.8',
  'user-agent' => 'Mozilla/5.0 (Windows NT 10.0; Win64; x64) AppleWebKit/537.36 (KHTML, like Gecko) Chrome/69.0.3497.100 Safari/537.36',
  'upgrade-insecure-requests' => '1',
  'connection' => 'close',
  'host' => 'tpadmin.com',
)
[ info ] [ PARAM ] array (
  '/admin/upload/index/id/upload_html' => '',
  'id' => 'upload',
)
[ info ] [ SESSION ] INIT array (
  'id' => '',
  'var_session_id' => '',
  'prefix' => 'think',
  'type' => '',
  'auto_start' => true,
)
[ info ] [ BEHAVIOR ] Run \app\common\behavior\WebLog @module_init [ RunTime:0.007941s ]
[ info ] [ RUN ] app\admin\controller\Upload->index[ D:\work\test\tp_model\application\admin\controller\Upload.php ]
[ info ] [ VIEW ] D:\work\test\tp_model\public_html/../application/admin\view\upload\index.html [ array (
) ]
[ info ] [ DB ] INIT mysql
[ info ] [ BEHAVIOR ] Run \app\common\behavior\WebLog @app_end [ RunTime:1.028566s ]
[ info ] [ LOG ] INIT File
[ sql ] [ DB ] CONNECT:[ UseTime:1.003026s ] mysql:dbname=tpadmin;host=localhost;charset=utf8
[ sql ] [ SQL ] SHOW COLUMNS FROM `tp_web_log_all` [ RunTime:0.013076s ]
[ sql ] [ SQL ] INSERT INTO `tp_web_log_all` (`uid` , `ip` , `location` , `os` , `browser` , `url` , `module` , `controller` , `action` , `method` , `data` , `create_at`) VALUES (1 , '127.0.0.1' , '本机地址 本机地址  ' , 'Windows 10' , 'Chrome(69.0.3497.100)' , 'http://tpadmin.com/admin/upload/index/id/upload.html' , 'admin' , 'Upload' , 'index' , 'GET' , 'a:2:{s:34:\"/admin/upload/index/id/upload_html\";s:0:\"\";s:2:\"id\";s:6:\"upload\";}' , 1547537103) [ RunTime:0.000592s ]

---------------------------------------------------------------
[ 2019-01-15T15:25:11+08:00 ] 127.0.0.1 127.0.0.1 GET /admin/demo/qiniu.html
[ log ] tpadmin.com/admin/demo/qiniu.html [运行时间：0.053698s][吞吐率：18.62req/s] [内存消耗：5,640.30kb] [文件加载：65]
[ info ] [ LANG ] D:\work\test\tp_model\thinkphp\lang\zh-cn.php
[ info ] [ ROUTE ] array (
  'type' => 'module',
  'module' => 
  array (
    0 => 'admin',
    1 => 'demo',
    2 => 'qiniu',
  ),
)
[ info ] [ HEADER ] array (
  'cookie' => 'thinkphp_show_page_trace=0|0; PHPSESSID=llvf6g8ie4o2405av4lm396mnj',
  'accept-language' => 'zh-CN,zh;q=0.9,en;q=0.8',
  'accept-encoding' => 'gzip, deflate',
  'referer' => 'http://tpadmin.com/admin/index/index.html',
  'accept' => 'text/html,application/xhtml+xml,application/xml;q=0.9,image/webp,image/apng,*/*;q=0.8',
  'user-agent' => 'Mozilla/5.0 (Windows NT 10.0; Win64; x64) AppleWebKit/537.36 (KHTML, like Gecko) Chrome/69.0.3497.100 Safari/537.36',
  'upgrade-insecure-requests' => '1',
  'connection' => 'close',
  'host' => 'tpadmin.com',
)
[ info ] [ PARAM ] array (
  '/admin/demo/qiniu_html' => '',
)
[ info ] [ SESSION ] INIT array (
  'id' => '',
  'var_session_id' => '',
  'prefix' => 'think',
  'type' => '',
  'auto_start' => true,
)
[ info ] [ BEHAVIOR ] Run \app\common\behavior\WebLog @module_init [ RunTime:0.006252s ]
[ info ] [ RUN ] app\admin\controller\Demo->qiniu[ D:\work\test\tp_model\application\admin\controller\Demo.php ]
[ info ] [ VIEW ] D:\work\test\tp_model\public_html/../application/admin\view\demo\qiniu.html [ array (
) ]
[ info ] [ BEHAVIOR ] Run \app\common\behavior\WebLog @app_end [ RunTime:0.000025s ]
[ info ] [ LOG ] INIT File

---------------------------------------------------------------
