[ 2018-12-17T09:45:58+08:00 ] 127.0.0.1 127.0.0.1 GET /
[ log ] tpadmin.com/ [运行时间：0.069420s][吞吐率：14.41req/s] [内存消耗：1,039.35kb] [文件加载：41]
[ info ] [ LANG ] D:\work\test\tp_model\thinkphp\lang\zh-cn.php
[ info ] [ ROUTE ] array (
  'type' => 'module',
  'module' => 
  array (
    0 => '',
    1 => NULL,
    2 => NULL,
  ),
)
[ info ] [ HEADER ] array (
  'accept-language' => 'zh-CN,zh;q=0.9,en;q=0.8',
  'accept-encoding' => 'gzip, deflate',
  'accept' => 'text/html,application/xhtml+xml,application/xml;q=0.9,image/webp,image/apng,*/*;q=0.8',
  'user-agent' => 'Mozilla/5.0 (Windows NT 10.0; Win64; x64) AppleWebKit/537.36 (KHTML, like Gecko) Chrome/69.0.3497.100 Safari/537.36',
  'upgrade-insecure-requests' => '1',
  'connection' => 'close',
  'host' => 'tpadmin.com',
)
[ info ] [ PARAM ] array (
)
[ info ] [ RUN ] app\index\controller\Index->index[ D:\work\test\tp_model\application\index\controller\Index.php ]
[ info ] [ LOG ] INIT File

---------------------------------------------------------------
[ 2018-12-17T09:45:59+08:00 ] 127.0.0.1 127.0.0.1 GET /admin.html
[ log ] tpadmin.com/admin.html [运行时间：1.140166s][吞吐率：0.88req/s] [内存消耗：6,172.14kb] [文件加载：69]
[ info ] [ LANG ] D:\work\test\tp_model\thinkphp\lang\zh-cn.php
[ info ] [ ROUTE ] array (
  'type' => 'module',
  'module' => 
  array (
    0 => 'admin',
    1 => NULL,
    2 => NULL,
  ),
)
[ info ] [ HEADER ] array (
  'accept-language' => 'zh-CN,zh;q=0.9,en;q=0.8',
  'accept-encoding' => 'gzip, deflate',
  'accept' => 'text/html,application/xhtml+xml,application/xml;q=0.9,image/webp,image/apng,*/*;q=0.8',
  'user-agent' => 'Mozilla/5.0 (Windows NT 10.0; Win64; x64) AppleWebKit/537.36 (KHTML, like Gecko) Chrome/69.0.3497.100 Safari/537.36',
  'upgrade-insecure-requests' => '1',
  'connection' => 'close',
  'host' => 'tpadmin.com',
)
[ info ] [ PARAM ] array (
  '/admin_html' => '',
)
[ info ] [ SESSION ] INIT array (
  'id' => '',
  'var_session_id' => '',
  'prefix' => 'think',
  'type' => '',
  'auto_start' => true,
)
[ info ] [ BEHAVIOR ] Run \app\common\behavior\WebLog @module_init [ RunTime:0.030498s ]
[ info ] [ DB ] INIT mysql
[ info ] [ BEHAVIOR ] Run \app\common\behavior\WebLog @app_end [ RunTime:1.051292s ]
[ info ] [ LOG ] INIT File
[ sql ] [ DB ] CONNECT:[ UseTime:1.006473s ] mysql:dbname=tpadmin;host=localhost;charset=utf8
[ sql ] [ SQL ] SHOW COLUMNS FROM `tp_web_log_all` [ RunTime:0.029967s ]
[ sql ] [ SQL ] INSERT INTO `tp_web_log_all` (`uid` , `ip` , `location` , `os` , `browser` , `url` , `module` , `controller` , `action` , `method` , `data` , `create_at`) VALUES (0 , '127.0.0.1' , '本机地址 本机地址  ' , 'Windows 10' , 'Chrome(69.0.3497.100)' , 'http://tpadmin.com/admin.html' , 'admin' , 'Index' , 'index' , 'GET' , 'a:1:{s:11:\"/admin_html\";s:0:\"\";}' , 1545011158) [ RunTime:0.001443s ]

---------------------------------------------------------------
[ 2018-12-17T09:45:59+08:00 ] 127.0.0.1 127.0.0.1 GET /admin/pub/login.html
[ log ] tpadmin.com/admin/pub/login.html [运行时间：0.067516s][吞吐率：14.81req/s] [内存消耗：5,806.13kb] [文件加载：67]
[ info ] [ LANG ] D:\work\test\tp_model\thinkphp\lang\zh-cn.php
[ info ] [ ROUTE ] array (
  'type' => 'module',
  'module' => 
  array (
    0 => 'admin',
    1 => 'pub',
    2 => 'login',
  ),
)
[ info ] [ HEADER ] array (
  'cookie' => 'PHPSESSID=srefhd42j546ibm4nheo90g8ge',
  'accept-language' => 'zh-CN,zh;q=0.9,en;q=0.8',
  'accept-encoding' => 'gzip, deflate',
  'accept' => 'text/html,application/xhtml+xml,application/xml;q=0.9,image/webp,image/apng,*/*;q=0.8',
  'user-agent' => 'Mozilla/5.0 (Windows NT 10.0; Win64; x64) AppleWebKit/537.36 (KHTML, like Gecko) Chrome/69.0.3497.100 Safari/537.36',
  'upgrade-insecure-requests' => '1',
  'connection' => 'close',
  'host' => 'tpadmin.com',
)
[ info ] [ PARAM ] array (
  '/admin/pub/login_html' => '',
)
[ info ] [ SESSION ] INIT array (
  'id' => '',
  'var_session_id' => '',
  'prefix' => 'think',
  'type' => '',
  'auto_start' => true,
)
[ info ] [ BEHAVIOR ] Run \app\common\behavior\WebLog @module_init [ RunTime:0.008599s ]
[ info ] [ RUN ] app\admin\controller\Pub->login[ D:\work\test\tp_model\application\admin\controller\Pub.php ]
[ info ] [ VIEW ] D:\work\test\tp_model\public/../application/admin\view\pub\login.html [ array (
) ]
[ info ] [ BEHAVIOR ] Run \app\common\behavior\WebLog @app_end [ RunTime:0.000025s ]
[ info ] [ LOG ] INIT File

---------------------------------------------------------------
[ 2018-12-17T09:46:00+08:00 ] 127.0.0.1 127.0.0.1 GET /captcha.html
[ log ] tpadmin.com/captcha.html [运行时间：0.085499s][吞吐率：11.70req/s] [内存消耗：1,078.84kb] [文件加载：41]
[ info ] [ LANG ] D:\work\test\tp_model\thinkphp\lang\zh-cn.php
[ info ] [ ROUTE ] array (
  'type' => 'method',
  'method' => 
  array (
    0 => '\\think\\captcha\\CaptchaController',
    1 => 'index',
  ),
  'var' => 
  array (
  ),
)
[ info ] [ HEADER ] array (
  'cookie' => 'PHPSESSID=srefhd42j546ibm4nheo90g8ge',
  'accept-language' => 'zh-CN,zh;q=0.9,en;q=0.8',
  'accept-encoding' => 'gzip, deflate',
  'referer' => 'http://tpadmin.com/admin/pub/login.html',
  'accept' => 'image/webp,image/apng,image/*,*/*;q=0.8',
  'user-agent' => 'Mozilla/5.0 (Windows NT 10.0; Win64; x64) AppleWebKit/537.36 (KHTML, like Gecko) Chrome/69.0.3497.100 Safari/537.36',
  'connection' => 'close',
  'host' => 'tpadmin.com',
)
[ info ] [ PARAM ] array (
  '/captcha_html' => '',
  'id' => '',
)
[ info ] [ RUN ] think\captcha\CaptchaController->index[ D:\work\test\tp_model\vendor\topthink\think-captcha\src\CaptchaController.php ]
[ info ] [ SESSION ] INIT array (
  'id' => '',
  'var_session_id' => '',
  'prefix' => 'think',
  'type' => '',
  'auto_start' => true,
)
[ info ] [ LOG ] INIT File

---------------------------------------------------------------
